<?xml version="1.0" encoding="UTF-8"?>
<!-- Generated by org.testng.reporters.JUnitReportReporter -->
<testsuite hostname="COL-LT-231114C" failures="0" tests="14" name="com.api.AirlineManagementSystemSpring.AirlineManagementSystemSpringApplicationTests" time="1.785" errors="0" timestamp="2025-05-19T12:31:37 COT" skipped="0">
  <testcase classname="com.api.AirlineManagementSystemSpring.AirlineManagementSystemSpringApplicationTests" name="testCreateReservation_SourceOrDestinationOrAadharOrDateEmpty" time="0.077"/>
  <testcase classname="com.api.AirlineManagementSystemSpring.AirlineManagementSystemSpringApplicationTests" name="testGetJourneyDetails_IncorrectPNR" time="0.028"/>
  <testcase classname="com.api.AirlineManagementSystemSpring.AirlineManagementSystemSpringApplicationTests" name="testCreatePassenger_AadharOrNameEmpty" time="0.036"/>
  <testcase classname="com.api.AirlineManagementSystemSpring.AirlineManagementSystemSpringApplicationTests" name="testCancelReservation_PNREmpty" time="0.034"/>
  <testcase classname="com.api.AirlineManagementSystemSpring.AirlineManagementSystemSpringApplicationTests" name="testCreateReservation_AadharNotExists" time="0.041"/>
  <testcase classname="com.api.AirlineManagementSystemSpring.AirlineManagementSystemSpringApplicationTests" name="testGetJourneyDetails_PNREmpty" time="0.014"/>
  <testcase classname="com.api.AirlineManagementSystemSpring.AirlineManagementSystemSpringApplicationTests" name="testCancelReservation_IncorrectPNR" time="0.832"/>
  <testcase classname="com.api.AirlineManagementSystemSpring.AirlineManagementSystemSpringApplicationTests" name="testListFlights" time="0.152"/>
  <testcase classname="com.api.AirlineManagementSystemSpring.AirlineManagementSystemSpringApplicationTests" name="testCreatePassenger_success" time="0.441"/>
  <testcase classname="com.api.AirlineManagementSystemSpring.AirlineManagementSystemSpringApplicationTests" name="testCreatePassenger_AadharAlreadyExists" time="0.022"/>
  <testcase classname="com.api.AirlineManagementSystemSpring.AirlineManagementSystemSpringApplicationTests" name="testCreateReservation_success" time="0.036"/>
  <testcase classname="com.api.AirlineManagementSystemSpring.AirlineManagementSystemSpringApplicationTests" name="testCreateReservation_IncorrectSourceOrDestination" time="0.021"/>
  <testcase classname="com.api.AirlineManagementSystemSpring.AirlineManagementSystemSpringApplicationTests" name="testGetJourneyDetails_success" time="0.019"/>
  <testcase classname="com.api.AirlineManagementSystemSpring.AirlineManagementSystemSpringApplicationTests" name="testCancelReservation_success" time="0.032"/>
</testsuite> <!-- com.api.AirlineManagementSystemSpring.AirlineManagementSystemSpringApplicationTests -->
