<?xml version="1.0" encoding="UTF-8"?>
<!-- Generated by org.testng.reporters.JUnitReportReporter -->
<testsuite hostname="COL-LT-231114C" failures="0" tests="14" name="com.api.AirlineManagementSystemSpring.AirlineManagementSystemSpringApplicationTests" time="3.283" errors="0" timestamp="2025-01-22T14:56:42 COT" skipped="0">
  <testcase classname="com.api.AirlineManagementSystemSpring.AirlineManagementSystemSpringApplicationTests" name="testCancelReservation_PNREmpty" time="0.045"/>
  <testcase classname="com.api.AirlineManagementSystemSpring.AirlineManagementSystemSpringApplicationTests" name="testCancelReservation_IncorrectPNR" time="1.561"/>
  <testcase classname="com.api.AirlineManagementSystemSpring.AirlineManagementSystemSpringApplicationTests" name="testCreateReservation_SourceOrDestinationOrAadharOrDateEmpty" time="0.071"/>
  <testcase classname="com.api.AirlineManagementSystemSpring.AirlineManagementSystemSpringApplicationTests" name="testGetJourneyDetails_PNREmpty" time="0.022"/>
  <testcase classname="com.api.AirlineManagementSystemSpring.AirlineManagementSystemSpringApplicationTests" name="testCreateReservation_AadharNotExists" time="0.089"/>
  <testcase classname="com.api.AirlineManagementSystemSpring.AirlineManagementSystemSpringApplicationTests" name="testCreatePassenger_AadharOrNameEmpty" time="0.058"/>
  <testcase classname="com.api.AirlineManagementSystemSpring.AirlineManagementSystemSpringApplicationTests" name="testGetJourneyDetails_IncorrectPNR" time="0.067"/>
  <testcase classname="com.api.AirlineManagementSystemSpring.AirlineManagementSystemSpringApplicationTests" name="testCreatePassenger_success" time="0.816"/>
  <testcase classname="com.api.AirlineManagementSystemSpring.AirlineManagementSystemSpringApplicationTests" name="testCreatePassenger_AadharAlreadyExists" time="0.059"/>
  <testcase classname="com.api.AirlineManagementSystemSpring.AirlineManagementSystemSpringApplicationTests" name="testListFlights" time="0.051"/>
  <testcase classname="com.api.AirlineManagementSystemSpring.AirlineManagementSystemSpringApplicationTests" name="testCreateReservation_IncorrectSourceOrDestination" time="0.066"/>
  <testcase classname="com.api.AirlineManagementSystemSpring.AirlineManagementSystemSpringApplicationTests" name="testCreateReservation_success" time="0.171"/>
  <testcase classname="com.api.AirlineManagementSystemSpring.AirlineManagementSystemSpringApplicationTests" name="testGetJourneyDetails_success" time="0.055"/>
  <testcase classname="com.api.AirlineManagementSystemSpring.AirlineManagementSystemSpringApplicationTests" name="testCancelReservation_success" time="0.152"/>
</testsuite> <!-- com.api.AirlineManagementSystemSpring.AirlineManagementSystemSpringApplicationTests -->
